<?xml version="1.0" encoding="UTF-8"?>
<!-- Generated by org.testng.reporters.JUnitReportReporter -->
<testsuite hostname="DESKTOP-88QP37I" failures="0" tests="2" name="test1.Day" time="0.021" errors="0" timestamp="2023-12-08T20:25:36 IST" skipped="0">
  <testcase classname="test1.Day" name="loan" time="0.004"/>
  <system-out/>
  <testcase classname="test1.Day" name="carloan" time="0.017"/>
  <system-out/>
</testsuite> <!-- test1.Day -->
