<?xml version="1.0" encoding="UTF-8"?>
<!-- Generated by org.testng.reporters.JUnitReportReporter -->
<testsuite hostname="DESKTOP-88QP37I" failures="0" tests="3" name="test.Day3" time="0.017" errors="0" timestamp="2023-11-30T22:38:43 IST" skipped="0">
  <testcase classname="test.Day3" name="Apilogincar" time="0.003"/>
  <system-out/>
  <testcase classname="test.Day3" name="Mobilelogincar" time="0.004"/>
  <system-out/>
  <testcase classname="test.Day3" name="weblogincar" time="0.010"/>
  <system-out/>
</testsuite> <!-- test.Day3 -->
