<?xml version="1.0" encoding="UTF-8"?>
<!-- Generated by org.testng.reporters.JUnitReportReporter -->
<testsuite hostname="DESKTOP-88QP37I" failures="0" tests="2" name="test.Day1" time="0.023" errors="0" timestamp="2023-11-30T22:38:43 IST" skipped="0">
  <testcase classname="test.Day1" name="Demo" time="0.020"/>
  <system-out/>
  <testcase classname="test.Day1" name="secondtest" time="0.003"/>
  <system-out/>
</testsuite> <!-- test.Day1 -->
