<?xml version="1.0" encoding="UTF-8"?>
<!-- Generated by org.testng.reporters.JUnitReportReporter -->
<testsuite hostname="DESKTOP-88QP37I" failures="0" tests="3" name="test.Day4" time="0.004" errors="0" timestamp="2023-11-30T22:38:43 IST" skipped="0">
  <testcase classname="test.Day4" name="ApiloginHome" time="0.001"/>
  <system-out/>
  <testcase classname="test.Day4" name="MobileloginHome" time="0.002"/>
  <system-out/>
  <testcase classname="test.Day4" name="webloginhome" time="0.001"/>
  <system-out/>
</testsuite> <!-- test.Day4 -->
