<?xml version="1.0" encoding="UTF-8"?>
<!-- Generated by org.testng.reporters.JUnitReportReporter -->
<testsuite hostname="DESKTOP-88QP37I" failures="0" tests="1" name="day6.NewTest" time="14.356" errors="0" timestamp="2023-06-22T23:27:33 IST" skipped="0">
  <testcase classname="day6.NewTest" name="division" time="14.356">
    <system-out>
      <![CDATA[Multiplication results::9629568]]>
    </system-out>
  </testcase> <!-- division -->
  <system-out>
    <![CDATA[Multiplication results::9629568]]>
  </system-out>
</testsuite> <!-- day6.NewTest -->
